[22:55:29] [main/INFO]: Environment: authHost='https://authserver.mojang.com', accountsHost='https://api.mojang.com', sessionHost='https://sessionserver.mojang.com', servicesHost='https://api.minecraftservices.com', name='PROD'
[22:55:30] [main/WARN]: Ambiguity between arguments [teleport, destination] and [teleport, targets] with inputs: [Player, 0123, @e, dd12be42-52a9-4a91-a8a1-11c01849e498]
[22:55:30] [main/WARN]: Ambiguity between arguments [teleport, location] and [teleport, destination] with inputs: [0.1 -0.5 .9, 0 0 0]
[22:55:30] [main/WARN]: Ambiguity between arguments [teleport, location] and [teleport, targets] with inputs: [0.1 -0.5 .9, 0 0 0]
[22:55:30] [main/WARN]: Ambiguity between arguments [teleport, targets] and [teleport, destination] with inputs: [Player, 0123, dd12be42-52a9-4a91-a8a1-11c01849e498]
[22:55:30] [main/WARN]: Ambiguity between arguments [teleport, targets, location] and [teleport, targets, destination] with inputs: [0.1 -0.5 .9, 0 0 0]
[22:55:30] [main/INFO]: Reloading ResourceManager: Default
[22:55:31] [Worker-Main-12/INFO]: Loaded 7 recipes
[22:55:31] [Worker-Main-12/INFO]: Loaded 927 advancements
[22:55:34] [Server thread/INFO]: Starting minecraft server version 1.16.4
[22:55:34] [Server thread/INFO]: Loading properties
[22:55:34] [Server thread/INFO]: Default game type: SURVIVAL
[22:55:34] [Server thread/INFO]: Generating keypair
[22:55:34] [Server thread/INFO]: Starting Minecraft server on *:25565
[22:55:34] [Server thread/INFO]: Using default channel type
[22:55:36] [Server thread/WARN]: **** SERVER IS RUNNING IN OFFLINE/INSECURE MODE!
[22:55:36] [Server thread/WARN]: The server will make no attempt to authenticate usernames. Beware.
[22:55:36] [Server thread/WARN]: While this makes the game possible to play without internet access, it also opens up the ability for hackers to connect with any username they choose.
[22:55:36] [Server thread/WARN]: To change this, set "online-mode" to "true" in the server.properties file.
[22:55:36] [Server thread/INFO]: Preparing level "world"
[22:55:36] [Server thread/INFO]: Preparing start region for dimension minecraft:overworld
[22:55:38] [Server thread/INFO]: Preparing spawn area: 0%
[22:55:38] [Server thread/INFO]: Preparing spawn area: 0%
[22:55:38] [Server thread/INFO]: Preparing spawn area: 0%
[22:55:38] [Server thread/INFO]: Preparing spawn area: 0%
[22:55:38] [Server thread/INFO]: Preparing spawn area: 0%
[22:55:39] [Server thread/INFO]: Preparing spawn area: 0%
[22:55:40] [Server thread/INFO]: Time elapsed: 4160 ms
[22:55:40] [Server thread/INFO]: Done (4.332s)! For help, type "help"
[22:55:45] [Server thread/INFO]: Stopping server
[22:55:45] [Server thread/INFO]: Saving players
[22:55:45] [Server thread/INFO]: Saving worlds
[22:55:45] [Server thread/INFO]: Saving chunks for level 'ServerLevel[world]'/minecraft:overworld
[22:55:47] [Server thread/INFO]: ThreadedAnvilChunkStorage (world): All chunks are saved
[22:55:47] [Server thread/INFO]: Saving chunks for level 'ServerLevel[world]'/minecraft:the_nether
[22:55:47] [Server thread/INFO]: ThreadedAnvilChunkStorage (DIM-1): All chunks are saved
[22:55:47] [Server thread/INFO]: Saving chunks for level 'ServerLevel[world]'/minecraft:the_end
[22:55:47] [Server thread/INFO]: ThreadedAnvilChunkStorage (DIM1): All chunks are saved
[22:55:47] [Server thread/INFO]: ThreadedAnvilChunkStorage (world): All chunks are saved
[22:55:47] [Server thread/INFO]: ThreadedAnvilChunkStorage (DIM-1): All chunks are saved
[22:55:47] [Server thread/INFO]: ThreadedAnvilChunkStorage (DIM1): All chunks are saved
