[21:37:03] [main/INFO]: Environment: authHost='https://authserver.mojang.com', accountsHost='https://api.mojang.com', sessionHost='https://sessionserver.mojang.com', servicesHost='https://api.minecraftservices.com', name='PROD'
[21:37:05] [main/WARN]: Ambiguity between arguments [teleport, destination] and [teleport, targets] with inputs: [Player, 0123, @e, dd12be42-52a9-4a91-a8a1-11c01849e498]
[21:37:05] [main/WARN]: Ambiguity between arguments [teleport, location] and [teleport, destination] with inputs: [0.1 -0.5 .9, 0 0 0]
[21:37:05] [main/WARN]: Ambiguity between arguments [teleport, location] and [teleport, targets] with inputs: [0.1 -0.5 .9, 0 0 0]
[21:37:05] [main/WARN]: Ambiguity between arguments [teleport, targets] and [teleport, destination] with inputs: [Player, 0123, dd12be42-52a9-4a91-a8a1-11c01849e498]
[21:37:05] [main/WARN]: Ambiguity between arguments [teleport, targets, location] and [teleport, targets, destination] with inputs: [0.1 -0.5 .9, 0 0 0]
[21:37:05] [main/INFO]: Reloading ResourceManager: Default, bukkit
[21:37:05] [Worker-Main-12/INFO]: Loaded 7 recipes
[21:37:06] [Worker-Main-12/INFO]: Loaded 927 advancements
[21:37:08] [Server thread/INFO]: Starting minecraft server version 1.16.4
[21:37:08] [Server thread/INFO]: Loading properties
[21:37:08] [Server thread/INFO]: Default game type: SURVIVAL
[21:37:08] [Server thread/INFO]: Generating keypair
[21:37:08] [Server thread/INFO]: Starting Minecraft server on *:25565
[21:37:08] [Server thread/INFO]: Using epoll channel type
[21:37:08] [Server thread/WARN]: **** SERVER IS RUNNING IN OFFLINE/INSECURE MODE!
[21:37:08] [Server thread/WARN]: The server will make no attempt to authenticate usernames. Beware.
[21:37:08] [Server thread/WARN]: While this makes the game possible to play without internet access, it also opens up the ability for hackers to connect with any username they choose.
[21:37:08] [Server thread/WARN]: To change this, set "online-mode" to "true" in the server.properties file.
[21:37:08] [Server thread/INFO]: Preparing level "world"
[21:37:08] [Server thread/INFO]: Preparing start region for dimension minecraft:overworld
[21:37:10] [Server thread/INFO]: Preparing spawn area: 0%
[21:37:10] [Server thread/INFO]: Preparing spawn area: 0%
[21:37:10] [Server thread/INFO]: Preparing spawn area: 0%
[21:37:10] [Server thread/INFO]: Preparing spawn area: 0%
[21:37:10] [Server thread/INFO]: Preparing spawn area: 0%
[21:37:11] [Server thread/INFO]: Time elapsed: 2551 ms
[21:37:11] [Server thread/INFO]: Done (2.654s)! For help, type "help"
[21:41:42] [Server thread/INFO]: kiersto55[/192.168.1.111:58931] logged in with entity id 173 at (150.5, 75.6875, 2124.5)
[21:41:42] [Server thread/INFO]: kiersto55 joined the game
[21:42:41] [Server thread/WARN]: Can't keep up! Is the server overloaded? Running 2044ms or 40 ticks behind
[21:43:14] [Server thread/WARN]: Can't keep up! Is the server overloaded? Running 18313ms or 366 ticks behind
[21:46:41] [Server thread/WARN]: Can't keep up! Is the server overloaded? Running 2093ms or 41 ticks behind
[21:48:14] [Server thread/WARN]: Can't keep up! Is the server overloaded? Running 2070ms or 41 ticks behind
[21:52:59] [Server thread/WARN]: Can't keep up! Is the server overloaded? Running 2163ms or 43 ticks behind
[22:03:34] [Server thread/INFO]: Villager bfj['Villager'/1210, l='ServerLevel[world]', x=321.71, y=33.00, z=1655.32] died, message: 'Villager hit the ground too hard'
[22:06:54] [Server thread/INFO]: Villager bfj['Villager'/1215, l='ServerLevel[world]', x=323.33, y=69.00, z=1653.77] died, message: 'Villager was slain by Zombie'
[22:08:05] [Server thread/WARN]: Can't keep up! Is the server overloaded? Running 2005ms or 40 ticks behind
[22:30:27] [Server thread/WARN]: Can't keep up! Is the server overloaded? Running 2055ms or 41 ticks behind
[22:32:11] [Server thread/WARN]: Can't keep up! Is the server overloaded? Running 2052ms or 41 ticks behind
[22:33:18] [Server thread/WARN]: Can't keep up! Is the server overloaded? Running 2044ms or 40 ticks behind
[22:37:53] [Server thread/WARN]: Can't keep up! Is the server overloaded? Running 2097ms or 41 ticks behind
[22:50:18] [Server thread/WARN]: Fetching packet for removed entity bcv['Air'/10080, l='ServerLevel[world]', x=269.89, y=64.00, z=816.46]
[22:54:22] [Server thread/WARN]: Fetching packet for removed entity bcv['Air'/10549, l='ServerLevel[world]', x=276.54, y=64.00, z=813.58]
[23:11:39] [Server thread/WARN]: Can't keep up! Is the server overloaded? Running 17413ms or 348 ticks behind
[23:15:31] [Server thread/INFO]: kiersto55 was burnt to a crisp whilst fighting Zombie
[23:25:21] [Server thread/WARN]: Can't keep up! Is the server overloaded? Running 2039ms or 40 ticks behind
[23:25:44] [Server thread/WARN]: Can't keep up! Is the server overloaded? Running 7429ms or 148 ticks behind
[23:26:12] [Server thread/WARN]: Can't keep up! Is the server overloaded? Running 13415ms or 268 ticks behind
[23:26:36] [Server thread/WARN]: Can't keep up! Is the server overloaded? Running 8596ms or 171 ticks behind
[23:27:01] [Server thread/WARN]: Can't keep up! Is the server overloaded? Running 9815ms or 196 ticks behind
[23:33:02] [Server thread/INFO]: kiersto55 has made the advancement [What a Deal!]
[23:33:26] [Server thread/WARN]: Fetching packet for removed entity bcv['Air'/16609, l='ServerLevel[world]', x=-15.65, y=65.00, z=296.91]
[23:38:42] [Server thread/INFO]: kiersto55 lost connection: Disconnected
[23:38:42] [Server thread/INFO]: kiersto55 left the game
[23:38:47] [Server thread/INFO]: Stopping server
[23:38:47] [Server thread/INFO]: Saving players
[23:38:47] [Server thread/INFO]: Saving worlds
[23:38:47] [Server thread/INFO]: Saving chunks for level 'ServerLevel[world]'/minecraft:overworld
[23:39:29] [Server thread/INFO]: ThreadedAnvilChunkStorage (world): All chunks are saved
[23:39:29] [Server thread/INFO]: Saving chunks for level 'ServerLevel[world]'/minecraft:the_nether
[23:39:29] [Server thread/INFO]: ThreadedAnvilChunkStorage (DIM-1): All chunks are saved
[23:39:29] [Server thread/INFO]: Saving chunks for level 'ServerLevel[world]'/minecraft:the_end
[23:39:29] [Server thread/INFO]: ThreadedAnvilChunkStorage (DIM1): All chunks are saved
[23:39:29] [Server thread/INFO]: ThreadedAnvilChunkStorage (world): All chunks are saved
[23:39:30] [Server thread/INFO]: ThreadedAnvilChunkStorage (DIM-1): All chunks are saved
[23:39:30] [Server thread/INFO]: ThreadedAnvilChunkStorage (DIM1): All chunks are saved
